2023-12-23 23:42:11.686 [main] INFO  com.SpringBootThymeleafApplication [] - Starting SpringBootThymeleafApplication on LAPTOP-0LPC6BTU with PID 4432 (started by luthfi alfarisi in C:\Users\luthfi alfarisi\eclipse-workspace\java-survey-management)
2023-12-23 23:42:11.707 [main] DEBUG com.SpringBootThymeleafApplication [] - Running with Spring Boot v2.1.1.RELEASE, Spring v5.1.3.RELEASE
2023-12-23 23:42:11.732 [main] INFO  com.SpringBootThymeleafApplication [] - No active profile set, falling back to default profiles: default
2023-12-23 23:42:23.672 [main] DEBUG com.zaxxer.hikari.HikariConfig [] - Driver class com.mysql.cj.jdbc.Driver found in Thread context class loader TomcatEmbeddedWebappClassLoader
  context: ROOT
  delegate: true
----------> Parent Classloader:
sun.misc.Launcher$AppClassLoader@6d06d69c

2023-12-23 23:42:24.481 [main] DEBUG com.zaxxer.hikari.HikariConfig [] - HikariPool-1 - configuration:
2023-12-23 23:42:24.486 [main] DEBUG com.zaxxer.hikari.HikariConfig [] - allowPoolSuspension.............false
2023-12-23 23:42:24.487 [main] DEBUG com.zaxxer.hikari.HikariConfig [] - autoCommit......................true
2023-12-23 23:42:24.487 [main] DEBUG com.zaxxer.hikari.HikariConfig [] - catalog.........................none
2023-12-23 23:42:24.489 [main] DEBUG com.zaxxer.hikari.HikariConfig [] - connectionInitSql...............none
2023-12-23 23:42:24.489 [main] DEBUG com.zaxxer.hikari.HikariConfig [] - connectionTestQuery.............none
2023-12-23 23:42:24.490 [main] DEBUG com.zaxxer.hikari.HikariConfig [] - connectionTimeout...............30000
2023-12-23 23:42:24.492 [main] DEBUG com.zaxxer.hikari.HikariConfig [] - dataSource......................none
2023-12-23 23:42:24.493 [main] DEBUG com.zaxxer.hikari.HikariConfig [] - dataSourceClassName.............none
2023-12-23 23:42:24.493 [main] DEBUG com.zaxxer.hikari.HikariConfig [] - dataSourceJNDI..................none
2023-12-23 23:42:24.494 [main] DEBUG com.zaxxer.hikari.HikariConfig [] - dataSourceProperties............{password=<masked>}
2023-12-23 23:42:24.495 [main] DEBUG com.zaxxer.hikari.HikariConfig [] - driverClassName................."com.mysql.cj.jdbc.Driver"
2023-12-23 23:42:24.497 [main] DEBUG com.zaxxer.hikari.HikariConfig [] - healthCheckProperties...........{}
2023-12-23 23:42:24.497 [main] DEBUG com.zaxxer.hikari.HikariConfig [] - healthCheckRegistry.............none
2023-12-23 23:42:24.498 [main] DEBUG com.zaxxer.hikari.HikariConfig [] - idleTimeout.....................600000
2023-12-23 23:42:24.498 [main] DEBUG com.zaxxer.hikari.HikariConfig [] - initializationFailTimeout.......1
2023-12-23 23:42:24.499 [main] DEBUG com.zaxxer.hikari.HikariConfig [] - isolateInternalQueries..........false
2023-12-23 23:42:24.500 [main] DEBUG com.zaxxer.hikari.HikariConfig [] - jdbcUrl.........................jdbc:mysql://localhost:3306/masjubel
2023-12-23 23:42:24.500 [main] DEBUG com.zaxxer.hikari.HikariConfig [] - leakDetectionThreshold..........0
2023-12-23 23:42:24.501 [main] DEBUG com.zaxxer.hikari.HikariConfig [] - maxLifetime.....................1800000
2023-12-23 23:42:24.501 [main] DEBUG com.zaxxer.hikari.HikariConfig [] - maximumPoolSize.................10
2023-12-23 23:42:24.501 [main] DEBUG com.zaxxer.hikari.HikariConfig [] - metricRegistry..................none
2023-12-23 23:42:24.503 [main] DEBUG com.zaxxer.hikari.HikariConfig [] - metricsTrackerFactory...........none
2023-12-23 23:42:24.503 [main] DEBUG com.zaxxer.hikari.HikariConfig [] - minimumIdle.....................10
2023-12-23 23:42:24.504 [main] DEBUG com.zaxxer.hikari.HikariConfig [] - password........................<masked>
2023-12-23 23:42:24.504 [main] DEBUG com.zaxxer.hikari.HikariConfig [] - poolName........................"HikariPool-1"
2023-12-23 23:42:24.505 [main] DEBUG com.zaxxer.hikari.HikariConfig [] - readOnly........................false
2023-12-23 23:42:24.505 [main] DEBUG com.zaxxer.hikari.HikariConfig [] - registerMbeans..................false
2023-12-23 23:42:24.508 [main] DEBUG com.zaxxer.hikari.HikariConfig [] - scheduledExecutor...............none
2023-12-23 23:42:24.509 [main] DEBUG com.zaxxer.hikari.HikariConfig [] - schema..........................none
2023-12-23 23:42:24.514 [main] DEBUG com.zaxxer.hikari.HikariConfig [] - threadFactory...................internal
2023-12-23 23:42:24.515 [main] DEBUG com.zaxxer.hikari.HikariConfig [] - transactionIsolation............default
2023-12-23 23:42:24.516 [main] DEBUG com.zaxxer.hikari.HikariConfig [] - username........................"root"
2023-12-23 23:42:24.520 [main] DEBUG com.zaxxer.hikari.HikariConfig [] - validationTimeout...............5000
2023-12-23 23:42:24.520 [main] INFO  com.zaxxer.hikari.HikariDataSource [] - HikariPool-1 - Starting...
2023-12-23 23:42:25.059 [main] DEBUG com.zaxxer.hikari.pool.HikariPool [] - HikariPool-1 - Added connection com.mysql.cj.jdbc.ConnectionImpl@59c08cf1
2023-12-23 23:42:25.063 [main] INFO  com.zaxxer.hikari.HikariDataSource [] - HikariPool-1 - Start completed.
2023-12-23 23:42:25.176 [HikariPool-1 housekeeper] DEBUG com.zaxxer.hikari.pool.HikariPool [] - HikariPool-1 - Pool stats (total=1, active=0, idle=1, waiting=0)
2023-12-23 23:42:25.230 [HikariPool-1 connection adder] DEBUG com.zaxxer.hikari.pool.HikariPool [] - HikariPool-1 - Added connection com.mysql.cj.jdbc.ConnectionImpl@1262972c
2023-12-23 23:42:25.244 [HikariPool-1 connection adder] DEBUG com.zaxxer.hikari.pool.HikariPool [] - HikariPool-1 - Added connection com.mysql.cj.jdbc.ConnectionImpl@535f9d17
2023-12-23 23:42:25.274 [HikariPool-1 connection adder] DEBUG com.zaxxer.hikari.pool.HikariPool [] - HikariPool-1 - Added connection com.mysql.cj.jdbc.ConnectionImpl@6246eec6
2023-12-23 23:42:25.398 [HikariPool-1 connection adder] DEBUG com.zaxxer.hikari.pool.HikariPool [] - HikariPool-1 - Added connection com.mysql.cj.jdbc.ConnectionImpl@33706258
2023-12-23 23:42:25.409 [HikariPool-1 connection adder] DEBUG com.zaxxer.hikari.pool.HikariPool [] - HikariPool-1 - Added connection com.mysql.cj.jdbc.ConnectionImpl@5cc04a2a
2023-12-23 23:42:25.679 [HikariPool-1 connection adder] DEBUG com.zaxxer.hikari.pool.HikariPool [] - HikariPool-1 - Added connection com.mysql.cj.jdbc.ConnectionImpl@373ebd89
2023-12-23 23:42:25.698 [HikariPool-1 connection adder] DEBUG com.zaxxer.hikari.pool.HikariPool [] - HikariPool-1 - Added connection com.mysql.cj.jdbc.ConnectionImpl@4dd8aa2f
2023-12-23 23:42:25.721 [HikariPool-1 connection adder] DEBUG com.zaxxer.hikari.pool.HikariPool [] - HikariPool-1 - Added connection com.mysql.cj.jdbc.ConnectionImpl@6b2c8cdc
2023-12-23 23:42:25.769 [HikariPool-1 connection adder] DEBUG com.zaxxer.hikari.pool.HikariPool [] - HikariPool-1 - Added connection com.mysql.cj.jdbc.ConnectionImpl@490b85d3
2023-12-23 23:42:25.771 [HikariPool-1 connection adder] DEBUG com.zaxxer.hikari.pool.HikariPool [] - HikariPool-1 - After adding stats (total=10, active=0, idle=10, waiting=0)
2023-12-23 23:42:37.484 [main] INFO  com.SpringBootThymeleafApplication [] - Started SpringBootThymeleafApplication in 27.525 seconds (JVM running for 29.403)
2023-12-23 23:42:37.519 [main] INFO  com.SpringBootThymeleafApplication [] - Server Run Success
2023-12-23 23:42:55.234 [HikariPool-1 housekeeper] DEBUG com.zaxxer.hikari.pool.HikariPool [] - HikariPool-1 - Pool stats (total=10, active=0, idle=10, waiting=0)
2023-12-23 23:43:25.605 [HikariPool-1 housekeeper] DEBUG com.zaxxer.hikari.pool.HikariPool [] - HikariPool-1 - Pool stats (total=10, active=0, idle=10, waiting=0)
2023-12-23 23:43:55.621 [HikariPool-1 housekeeper] DEBUG com.zaxxer.hikari.pool.HikariPool [] - HikariPool-1 - Pool stats (total=10, active=0, idle=10, waiting=0)
2023-12-23 23:44:48.005 [main] INFO  com.SpringBootThymeleafApplication [] - Starting SpringBootThymeleafApplication on LAPTOP-0LPC6BTU with PID 27584 (started by luthfi alfarisi in C:\Users\luthfi alfarisi\eclipse-workspace\java-survey-management)
2023-12-23 23:44:48.032 [main] DEBUG com.SpringBootThymeleafApplication [] - Running with Spring Boot v2.1.1.RELEASE, Spring v5.1.3.RELEASE
2023-12-23 23:44:48.036 [main] INFO  com.SpringBootThymeleafApplication [] - No active profile set, falling back to default profiles: default
2023-12-23 23:44:56.200 [main] DEBUG com.zaxxer.hikari.HikariConfig [] - Driver class com.mysql.cj.jdbc.Driver found in Thread context class loader TomcatEmbeddedWebappClassLoader
  context: ROOT
  delegate: true
----------> Parent Classloader:
sun.misc.Launcher$AppClassLoader@6d06d69c

2023-12-23 23:44:56.812 [main] DEBUG com.zaxxer.hikari.HikariConfig [] - HikariPool-1 - configuration:
2023-12-23 23:44:56.816 [main] DEBUG com.zaxxer.hikari.HikariConfig [] - allowPoolSuspension.............false
2023-12-23 23:44:56.817 [main] DEBUG com.zaxxer.hikari.HikariConfig [] - autoCommit......................true
2023-12-23 23:44:56.818 [main] DEBUG com.zaxxer.hikari.HikariConfig [] - catalog.........................none
2023-12-23 23:44:56.819 [main] DEBUG com.zaxxer.hikari.HikariConfig [] - connectionInitSql...............none
2023-12-23 23:44:56.820 [main] DEBUG com.zaxxer.hikari.HikariConfig [] - connectionTestQuery.............none
2023-12-23 23:44:56.823 [main] DEBUG com.zaxxer.hikari.HikariConfig [] - connectionTimeout...............30000
2023-12-23 23:44:56.823 [main] DEBUG com.zaxxer.hikari.HikariConfig [] - dataSource......................none
2023-12-23 23:44:56.824 [main] DEBUG com.zaxxer.hikari.HikariConfig [] - dataSourceClassName.............none
2023-12-23 23:44:56.825 [main] DEBUG com.zaxxer.hikari.HikariConfig [] - dataSourceJNDI..................none
2023-12-23 23:44:56.826 [main] DEBUG com.zaxxer.hikari.HikariConfig [] - dataSourceProperties............{password=<masked>}
2023-12-23 23:44:56.827 [main] DEBUG com.zaxxer.hikari.HikariConfig [] - driverClassName................."com.mysql.cj.jdbc.Driver"
2023-12-23 23:44:56.828 [main] DEBUG com.zaxxer.hikari.HikariConfig [] - healthCheckProperties...........{}
2023-12-23 23:44:56.828 [main] DEBUG com.zaxxer.hikari.HikariConfig [] - healthCheckRegistry.............none
2023-12-23 23:44:56.828 [main] DEBUG com.zaxxer.hikari.HikariConfig [] - idleTimeout.....................600000
2023-12-23 23:44:56.829 [main] DEBUG com.zaxxer.hikari.HikariConfig [] - initializationFailTimeout.......1
2023-12-23 23:44:56.829 [main] DEBUG com.zaxxer.hikari.HikariConfig [] - isolateInternalQueries..........false
2023-12-23 23:44:56.830 [main] DEBUG com.zaxxer.hikari.HikariConfig [] - jdbcUrl.........................jdbc:mysql://localhost:3306/management_survey
2023-12-23 23:44:56.831 [main] DEBUG com.zaxxer.hikari.HikariConfig [] - leakDetectionThreshold..........0
2023-12-23 23:44:56.833 [main] DEBUG com.zaxxer.hikari.HikariConfig [] - maxLifetime.....................1800000
2023-12-23 23:44:56.833 [main] DEBUG com.zaxxer.hikari.HikariConfig [] - maximumPoolSize.................10
2023-12-23 23:44:56.833 [main] DEBUG com.zaxxer.hikari.HikariConfig [] - metricRegistry..................none
2023-12-23 23:44:56.834 [main] DEBUG com.zaxxer.hikari.HikariConfig [] - metricsTrackerFactory...........none
2023-12-23 23:44:56.834 [main] DEBUG com.zaxxer.hikari.HikariConfig [] - minimumIdle.....................10
2023-12-23 23:44:56.834 [main] DEBUG com.zaxxer.hikari.HikariConfig [] - password........................<masked>
2023-12-23 23:44:56.834 [main] DEBUG com.zaxxer.hikari.HikariConfig [] - poolName........................"HikariPool-1"
2023-12-23 23:44:56.835 [main] DEBUG com.zaxxer.hikari.HikariConfig [] - readOnly........................false
2023-12-23 23:44:56.835 [main] DEBUG com.zaxxer.hikari.HikariConfig [] - registerMbeans..................false
2023-12-23 23:44:56.836 [main] DEBUG com.zaxxer.hikari.HikariConfig [] - scheduledExecutor...............none
2023-12-23 23:44:56.836 [main] DEBUG com.zaxxer.hikari.HikariConfig [] - schema..........................none
2023-12-23 23:44:56.837 [main] DEBUG com.zaxxer.hikari.HikariConfig [] - threadFactory...................internal
2023-12-23 23:44:56.838 [main] DEBUG com.zaxxer.hikari.HikariConfig [] - transactionIsolation............default
2023-12-23 23:44:56.839 [main] DEBUG com.zaxxer.hikari.HikariConfig [] - username........................"root"
2023-12-23 23:44:56.840 [main] DEBUG com.zaxxer.hikari.HikariConfig [] - validationTimeout...............5000
2023-12-23 23:44:56.841 [main] INFO  com.zaxxer.hikari.HikariDataSource [] - HikariPool-1 - Starting...
2023-12-23 23:44:57.270 [main] DEBUG com.zaxxer.hikari.pool.HikariPool [] - HikariPool-1 - Added connection com.mysql.cj.jdbc.ConnectionImpl@62b42406
2023-12-23 23:44:57.277 [main] INFO  com.zaxxer.hikari.HikariDataSource [] - HikariPool-1 - Start completed.
2023-12-23 23:44:57.382 [HikariPool-1 housekeeper] DEBUG com.zaxxer.hikari.pool.HikariPool [] - HikariPool-1 - Pool stats (total=1, active=0, idle=1, waiting=0)
2023-12-23 23:44:57.417 [HikariPool-1 connection adder] DEBUG com.zaxxer.hikari.pool.HikariPool [] - HikariPool-1 - Added connection com.mysql.cj.jdbc.ConnectionImpl@288f751d
2023-12-23 23:44:57.424 [HikariPool-1 connection adder] DEBUG com.zaxxer.hikari.pool.HikariPool [] - HikariPool-1 - Added connection com.mysql.cj.jdbc.ConnectionImpl@69b27f26
2023-12-23 23:44:57.431 [HikariPool-1 connection adder] DEBUG com.zaxxer.hikari.pool.HikariPool [] - HikariPool-1 - Added connection com.mysql.cj.jdbc.ConnectionImpl@5891d3f7
2023-12-23 23:44:57.438 [HikariPool-1 connection adder] DEBUG com.zaxxer.hikari.pool.HikariPool [] - HikariPool-1 - Added connection com.mysql.cj.jdbc.ConnectionImpl@99d8069
2023-12-23 23:44:57.449 [HikariPool-1 connection adder] DEBUG com.zaxxer.hikari.pool.HikariPool [] - HikariPool-1 - Added connection com.mysql.cj.jdbc.ConnectionImpl@7f40f4ce
2023-12-23 23:44:57.457 [HikariPool-1 connection adder] DEBUG com.zaxxer.hikari.pool.HikariPool [] - HikariPool-1 - Added connection com.mysql.cj.jdbc.ConnectionImpl@dd37d45
2023-12-23 23:44:57.487 [HikariPool-1 connection adder] DEBUG com.zaxxer.hikari.pool.HikariPool [] - HikariPool-1 - Added connection com.mysql.cj.jdbc.ConnectionImpl@181ba5c8
2023-12-23 23:44:57.494 [HikariPool-1 connection adder] DEBUG com.zaxxer.hikari.pool.HikariPool [] - HikariPool-1 - Added connection com.mysql.cj.jdbc.ConnectionImpl@2782fd31
2023-12-23 23:44:57.501 [HikariPool-1 connection adder] DEBUG com.zaxxer.hikari.pool.HikariPool [] - HikariPool-1 - Added connection com.mysql.cj.jdbc.ConnectionImpl@2c652617
2023-12-23 23:44:57.502 [HikariPool-1 connection adder] DEBUG com.zaxxer.hikari.pool.HikariPool [] - HikariPool-1 - After adding stats (total=10, active=0, idle=10, waiting=0)
2023-12-23 23:45:04.786 [main] INFO  com.SpringBootThymeleafApplication [] - Started SpringBootThymeleafApplication in 17.626 seconds (JVM running for 18.8)
2023-12-23 23:45:04.817 [main] INFO  com.SpringBootThymeleafApplication [] - Server Run Success
2023-12-23 23:45:27.416 [HikariPool-1 housekeeper] DEBUG com.zaxxer.hikari.pool.HikariPool [] - HikariPool-1 - Pool stats (total=10, active=0, idle=10, waiting=0)
2023-12-23 23:45:57.419 [HikariPool-1 housekeeper] DEBUG com.zaxxer.hikari.pool.HikariPool [] - HikariPool-1 - Pool stats (total=10, active=0, idle=10, waiting=0)
2023-12-23 23:46:27.435 [HikariPool-1 housekeeper] DEBUG com.zaxxer.hikari.pool.HikariPool [] - HikariPool-1 - Pool stats (total=10, active=0, idle=10, waiting=0)
2023-12-23 23:46:57.448 [HikariPool-1 housekeeper] DEBUG com.zaxxer.hikari.pool.HikariPool [] - HikariPool-1 - Pool stats (total=10, active=0, idle=10, waiting=0)
2023-12-23 23:47:06.362 [http-nio-8081-exec-3] ERROR org.thymeleaf.TemplateEngine [] - [THYMELEAF][http-nio-8081-exec-3] Exception processing template "survey/index": Error resolving template [survey/index], template might not exist or might not be accessible by any of the configured Template Resolversorg.thymeleaf.exceptions.TemplateInputException: Error resolving template [survey/index], template might not exist or might not be accessible by any of the configured Template Resolvers
	at org.thymeleaf.engine.TemplateManager.resolveTemplate(TemplateManager.java:869)
	at org.thymeleaf.engine.TemplateManager.parseAndProcess(TemplateManager.java:607)

2023-12-23 23:47:06.528 [http-nio-8081-exec-3] ERROR o.a.c.c.C.[.[.[.[dispatcherServlet] [] - Servlet.service() for servlet [dispatcherServlet] in context with path [] threw exception [Request processing failed; nested exception is org.thymeleaf.exceptions.TemplateInputException: Error resolving template [survey/index], template might not exist or might not be accessible by any of the configured Template Resolvers] with root causeorg.thymeleaf.exceptions.TemplateInputException: Error resolving template [survey/index], template might not exist or might not be accessible by any of the configured Template Resolvers
	at org.thymeleaf.engine.TemplateManager.resolveTemplate(TemplateManager.java:869)
	at org.thymeleaf.engine.TemplateManager.parseAndProcess(TemplateManager.java:607)

2023-12-23 23:47:54.911 [main] INFO  com.SpringBootThymeleafApplication [] - Starting SpringBootThymeleafApplication on LAPTOP-0LPC6BTU with PID 28000 (started by luthfi alfarisi in C:\Users\luthfi alfarisi\eclipse-workspace\java-survey-management)
2023-12-23 23:47:54.921 [main] DEBUG com.SpringBootThymeleafApplication [] - Running with Spring Boot v2.1.1.RELEASE, Spring v5.1.3.RELEASE
2023-12-23 23:47:54.925 [main] INFO  com.SpringBootThymeleafApplication [] - No active profile set, falling back to default profiles: default
2023-12-23 23:48:05.472 [main] DEBUG com.zaxxer.hikari.HikariConfig [] - Driver class com.mysql.cj.jdbc.Driver found in Thread context class loader TomcatEmbeddedWebappClassLoader
  context: ROOT
  delegate: true
----------> Parent Classloader:
sun.misc.Launcher$AppClassLoader@6d06d69c

2023-12-23 23:48:06.194 [main] DEBUG com.zaxxer.hikari.HikariConfig [] - HikariPool-1 - configuration:
2023-12-23 23:48:06.199 [main] DEBUG com.zaxxer.hikari.HikariConfig [] - allowPoolSuspension.............false
2023-12-23 23:48:06.200 [main] DEBUG com.zaxxer.hikari.HikariConfig [] - autoCommit......................true
2023-12-23 23:48:06.200 [main] DEBUG com.zaxxer.hikari.HikariConfig [] - catalog.........................none
2023-12-23 23:48:06.201 [main] DEBUG com.zaxxer.hikari.HikariConfig [] - connectionInitSql...............none
2023-12-23 23:48:06.201 [main] DEBUG com.zaxxer.hikari.HikariConfig [] - connectionTestQuery.............none
2023-12-23 23:48:06.202 [main] DEBUG com.zaxxer.hikari.HikariConfig [] - connectionTimeout...............30000
2023-12-23 23:48:06.202 [main] DEBUG com.zaxxer.hikari.HikariConfig [] - dataSource......................none
2023-12-23 23:48:06.205 [main] DEBUG com.zaxxer.hikari.HikariConfig [] - dataSourceClassName.............none
2023-12-23 23:48:06.207 [main] DEBUG com.zaxxer.hikari.HikariConfig [] - dataSourceJNDI..................none
2023-12-23 23:48:06.208 [main] DEBUG com.zaxxer.hikari.HikariConfig [] - dataSourceProperties............{password=<masked>}
2023-12-23 23:48:06.209 [main] DEBUG com.zaxxer.hikari.HikariConfig [] - driverClassName................."com.mysql.cj.jdbc.Driver"
2023-12-23 23:48:06.210 [main] DEBUG com.zaxxer.hikari.HikariConfig [] - healthCheckProperties...........{}
2023-12-23 23:48:06.210 [main] DEBUG com.zaxxer.hikari.HikariConfig [] - healthCheckRegistry.............none
2023-12-23 23:48:06.211 [main] DEBUG com.zaxxer.hikari.HikariConfig [] - idleTimeout.....................600000
2023-12-23 23:48:06.211 [main] DEBUG com.zaxxer.hikari.HikariConfig [] - initializationFailTimeout.......1
2023-12-23 23:48:06.211 [main] DEBUG com.zaxxer.hikari.HikariConfig [] - isolateInternalQueries..........false
2023-12-23 23:48:06.212 [main] DEBUG com.zaxxer.hikari.HikariConfig [] - jdbcUrl.........................jdbc:mysql://localhost:3306/management_survey
2023-12-23 23:48:06.212 [main] DEBUG com.zaxxer.hikari.HikariConfig [] - leakDetectionThreshold..........0
2023-12-23 23:48:06.212 [main] DEBUG com.zaxxer.hikari.HikariConfig [] - maxLifetime.....................1800000
2023-12-23 23:48:06.213 [main] DEBUG com.zaxxer.hikari.HikariConfig [] - maximumPoolSize.................10
2023-12-23 23:48:06.213 [main] DEBUG com.zaxxer.hikari.HikariConfig [] - metricRegistry..................none
2023-12-23 23:48:06.213 [main] DEBUG com.zaxxer.hikari.HikariConfig [] - metricsTrackerFactory...........none
2023-12-23 23:48:06.214 [main] DEBUG com.zaxxer.hikari.HikariConfig [] - minimumIdle.....................10
2023-12-23 23:48:06.214 [main] DEBUG com.zaxxer.hikari.HikariConfig [] - password........................<masked>
2023-12-23 23:48:06.215 [main] DEBUG com.zaxxer.hikari.HikariConfig [] - poolName........................"HikariPool-1"
2023-12-23 23:48:06.215 [main] DEBUG com.zaxxer.hikari.HikariConfig [] - readOnly........................false
2023-12-23 23:48:06.215 [main] DEBUG com.zaxxer.hikari.HikariConfig [] - registerMbeans..................false
2023-12-23 23:48:06.217 [main] DEBUG com.zaxxer.hikari.HikariConfig [] - scheduledExecutor...............none
2023-12-23 23:48:06.217 [main] DEBUG com.zaxxer.hikari.HikariConfig [] - schema..........................none
2023-12-23 23:48:06.218 [main] DEBUG com.zaxxer.hikari.HikariConfig [] - threadFactory...................internal
2023-12-23 23:48:06.218 [main] DEBUG com.zaxxer.hikari.HikariConfig [] - transactionIsolation............default
2023-12-23 23:48:06.218 [main] DEBUG com.zaxxer.hikari.HikariConfig [] - username........................"root"
2023-12-23 23:48:06.229 [main] DEBUG com.zaxxer.hikari.HikariConfig [] - validationTimeout...............5000
2023-12-23 23:48:06.231 [main] INFO  com.zaxxer.hikari.HikariDataSource [] - HikariPool-1 - Starting...
2023-12-23 23:48:06.875 [main] DEBUG com.zaxxer.hikari.pool.HikariPool [] - HikariPool-1 - Added connection com.mysql.cj.jdbc.ConnectionImpl@799971ac
2023-12-23 23:48:06.878 [main] INFO  com.zaxxer.hikari.HikariDataSource [] - HikariPool-1 - Start completed.
2023-12-23 23:48:06.984 [HikariPool-1 housekeeper] DEBUG com.zaxxer.hikari.pool.HikariPool [] - HikariPool-1 - Pool stats (total=1, active=0, idle=1, waiting=0)
2023-12-23 23:48:07.019 [HikariPool-1 connection adder] DEBUG com.zaxxer.hikari.pool.HikariPool [] - HikariPool-1 - Added connection com.mysql.cj.jdbc.ConnectionImpl@2ce92d5d
2023-12-23 23:48:07.034 [HikariPool-1 connection adder] DEBUG com.zaxxer.hikari.pool.HikariPool [] - HikariPool-1 - Added connection com.mysql.cj.jdbc.ConnectionImpl@6dd42766
2023-12-23 23:48:07.044 [HikariPool-1 connection adder] DEBUG com.zaxxer.hikari.pool.HikariPool [] - HikariPool-1 - Added connection com.mysql.cj.jdbc.ConnectionImpl@5c736999
2023-12-23 23:48:07.066 [HikariPool-1 connection adder] DEBUG com.zaxxer.hikari.pool.HikariPool [] - HikariPool-1 - Added connection com.mysql.cj.jdbc.ConnectionImpl@dfbd829
2023-12-23 23:48:07.075 [HikariPool-1 connection adder] DEBUG com.zaxxer.hikari.pool.HikariPool [] - HikariPool-1 - Added connection com.mysql.cj.jdbc.ConnectionImpl@5ac7b00a
2023-12-23 23:48:07.126 [HikariPool-1 connection adder] DEBUG com.zaxxer.hikari.pool.HikariPool [] - HikariPool-1 - Added connection com.mysql.cj.jdbc.ConnectionImpl@9b5a163
2023-12-23 23:48:07.159 [HikariPool-1 connection adder] DEBUG com.zaxxer.hikari.pool.HikariPool [] - HikariPool-1 - Added connection com.mysql.cj.jdbc.ConnectionImpl@aa2cc0f
2023-12-23 23:48:07.232 [HikariPool-1 connection adder] DEBUG com.zaxxer.hikari.pool.HikariPool [] - HikariPool-1 - Added connection com.mysql.cj.jdbc.ConnectionImpl@14da0c90
2023-12-23 23:48:07.463 [HikariPool-1 connection adder] DEBUG com.zaxxer.hikari.pool.HikariPool [] - HikariPool-1 - Added connection com.mysql.cj.jdbc.ConnectionImpl@76ca0be9
2023-12-23 23:48:07.467 [HikariPool-1 connection adder] DEBUG com.zaxxer.hikari.pool.HikariPool [] - HikariPool-1 - After adding stats (total=10, active=0, idle=10, waiting=0)
2023-12-23 23:48:16.659 [main] INFO  com.SpringBootThymeleafApplication [] - Started SpringBootThymeleafApplication in 22.563 seconds (JVM running for 23.757)
2023-12-23 23:48:16.737 [main] INFO  com.SpringBootThymeleafApplication [] - Server Run Success
2023-12-23 23:48:36.989 [HikariPool-1 housekeeper] DEBUG com.zaxxer.hikari.pool.HikariPool [] - HikariPool-1 - Pool stats (total=10, active=0, idle=10, waiting=0)
2023-12-23 23:49:07.000 [HikariPool-1 housekeeper] DEBUG com.zaxxer.hikari.pool.HikariPool [] - HikariPool-1 - Pool stats (total=10, active=0, idle=10, waiting=0)
2023-12-23 23:49:37.011 [HikariPool-1 housekeeper] DEBUG com.zaxxer.hikari.pool.HikariPool [] - HikariPool-1 - Pool stats (total=10, active=0, idle=10, waiting=0)
2023-12-23 23:50:07.029 [HikariPool-1 housekeeper] DEBUG com.zaxxer.hikari.pool.HikariPool [] - HikariPool-1 - Pool stats (total=10, active=0, idle=10, waiting=0)
2023-12-23 23:50:50.369 [main] INFO  com.SpringBootThymeleafApplication [] - Starting SpringBootThymeleafApplication on LAPTOP-0LPC6BTU with PID 14436 (started by luthfi alfarisi in C:\Users\luthfi alfarisi\eclipse-workspace\java-survey-management)
2023-12-23 23:50:50.379 [main] DEBUG com.SpringBootThymeleafApplication [] - Running with Spring Boot v2.1.1.RELEASE, Spring v5.1.3.RELEASE
2023-12-23 23:50:50.386 [main] INFO  com.SpringBootThymeleafApplication [] - No active profile set, falling back to default profiles: default
2023-12-23 23:50:59.794 [main] DEBUG com.zaxxer.hikari.HikariConfig [] - Driver class com.mysql.cj.jdbc.Driver found in Thread context class loader TomcatEmbeddedWebappClassLoader
  context: ROOT
  delegate: true
----------> Parent Classloader:
sun.misc.Launcher$AppClassLoader@6d06d69c

2023-12-23 23:51:00.348 [main] DEBUG com.zaxxer.hikari.HikariConfig [] - HikariPool-1 - configuration:
2023-12-23 23:51:00.352 [main] DEBUG com.zaxxer.hikari.HikariConfig [] - allowPoolSuspension.............false
2023-12-23 23:51:00.353 [main] DEBUG com.zaxxer.hikari.HikariConfig [] - autoCommit......................true
2023-12-23 23:51:00.354 [main] DEBUG com.zaxxer.hikari.HikariConfig [] - catalog.........................none
2023-12-23 23:51:00.355 [main] DEBUG com.zaxxer.hikari.HikariConfig [] - connectionInitSql...............none
2023-12-23 23:51:00.356 [main] DEBUG com.zaxxer.hikari.HikariConfig [] - connectionTestQuery.............none
2023-12-23 23:51:00.356 [main] DEBUG com.zaxxer.hikari.HikariConfig [] - connectionTimeout...............30000
2023-12-23 23:51:00.357 [main] DEBUG com.zaxxer.hikari.HikariConfig [] - dataSource......................none
2023-12-23 23:51:00.358 [main] DEBUG com.zaxxer.hikari.HikariConfig [] - dataSourceClassName.............none
2023-12-23 23:51:00.358 [main] DEBUG com.zaxxer.hikari.HikariConfig [] - dataSourceJNDI..................none
2023-12-23 23:51:00.360 [main] DEBUG com.zaxxer.hikari.HikariConfig [] - dataSourceProperties............{password=<masked>}
2023-12-23 23:51:00.361 [main] DEBUG com.zaxxer.hikari.HikariConfig [] - driverClassName................."com.mysql.cj.jdbc.Driver"
2023-12-23 23:51:00.362 [main] DEBUG com.zaxxer.hikari.HikariConfig [] - healthCheckProperties...........{}
2023-12-23 23:51:00.363 [main] DEBUG com.zaxxer.hikari.HikariConfig [] - healthCheckRegistry.............none
2023-12-23 23:51:00.364 [main] DEBUG com.zaxxer.hikari.HikariConfig [] - idleTimeout.....................600000
2023-12-23 23:51:00.365 [main] DEBUG com.zaxxer.hikari.HikariConfig [] - initializationFailTimeout.......1
2023-12-23 23:51:00.367 [main] DEBUG com.zaxxer.hikari.HikariConfig [] - isolateInternalQueries..........false
2023-12-23 23:51:00.368 [main] DEBUG com.zaxxer.hikari.HikariConfig [] - jdbcUrl.........................jdbc:mysql://localhost:3306/management_survey
2023-12-23 23:51:00.369 [main] DEBUG com.zaxxer.hikari.HikariConfig [] - leakDetectionThreshold..........0
2023-12-23 23:51:00.369 [main] DEBUG com.zaxxer.hikari.HikariConfig [] - maxLifetime.....................1800000
2023-12-23 23:51:00.370 [main] DEBUG com.zaxxer.hikari.HikariConfig [] - maximumPoolSize.................10
2023-12-23 23:51:00.372 [main] DEBUG com.zaxxer.hikari.HikariConfig [] - metricRegistry..................none
2023-12-23 23:51:00.373 [main] DEBUG com.zaxxer.hikari.HikariConfig [] - metricsTrackerFactory...........none
2023-12-23 23:51:00.374 [main] DEBUG com.zaxxer.hikari.HikariConfig [] - minimumIdle.....................10
2023-12-23 23:51:00.374 [main] DEBUG com.zaxxer.hikari.HikariConfig [] - password........................<masked>
2023-12-23 23:51:00.375 [main] DEBUG com.zaxxer.hikari.HikariConfig [] - poolName........................"HikariPool-1"
2023-12-23 23:51:00.378 [main] DEBUG com.zaxxer.hikari.HikariConfig [] - readOnly........................false
2023-12-23 23:51:00.380 [main] DEBUG com.zaxxer.hikari.HikariConfig [] - registerMbeans..................false
2023-12-23 23:51:00.381 [main] DEBUG com.zaxxer.hikari.HikariConfig [] - scheduledExecutor...............none
2023-12-23 23:51:00.384 [main] DEBUG com.zaxxer.hikari.HikariConfig [] - schema..........................none
2023-12-23 23:51:00.385 [main] DEBUG com.zaxxer.hikari.HikariConfig [] - threadFactory...................internal
2023-12-23 23:51:00.386 [main] DEBUG com.zaxxer.hikari.HikariConfig [] - transactionIsolation............default
2023-12-23 23:51:00.386 [main] DEBUG com.zaxxer.hikari.HikariConfig [] - username........................"root"
2023-12-23 23:51:00.387 [main] DEBUG com.zaxxer.hikari.HikariConfig [] - validationTimeout...............5000
2023-12-23 23:51:00.388 [main] INFO  com.zaxxer.hikari.HikariDataSource [] - HikariPool-1 - Starting...
2023-12-23 23:51:01.000 [main] DEBUG com.zaxxer.hikari.pool.HikariPool [] - HikariPool-1 - Added connection com.mysql.cj.jdbc.ConnectionImpl@16944b58
2023-12-23 23:51:01.008 [main] INFO  com.zaxxer.hikari.HikariDataSource [] - HikariPool-1 - Start completed.
2023-12-23 23:51:01.121 [HikariPool-1 housekeeper] DEBUG com.zaxxer.hikari.pool.HikariPool [] - HikariPool-1 - Pool stats (total=1, active=0, idle=1, waiting=0)
2023-12-23 23:51:01.134 [HikariPool-1 connection adder] DEBUG com.zaxxer.hikari.pool.HikariPool [] - HikariPool-1 - Added connection com.mysql.cj.jdbc.ConnectionImpl@47d9d3b3
2023-12-23 23:51:01.142 [HikariPool-1 connection adder] DEBUG com.zaxxer.hikari.pool.HikariPool [] - HikariPool-1 - Added connection com.mysql.cj.jdbc.ConnectionImpl@6e4d988
2023-12-23 23:51:01.150 [HikariPool-1 connection adder] DEBUG com.zaxxer.hikari.pool.HikariPool [] - HikariPool-1 - Added connection com.mysql.cj.jdbc.ConnectionImpl@37a85cb4
2023-12-23 23:51:01.181 [HikariPool-1 connection adder] DEBUG com.zaxxer.hikari.pool.HikariPool [] - HikariPool-1 - Added connection com.mysql.cj.jdbc.ConnectionImpl@66cb26c7
2023-12-23 23:51:01.188 [HikariPool-1 connection adder] DEBUG com.zaxxer.hikari.pool.HikariPool [] - HikariPool-1 - Added connection com.mysql.cj.jdbc.ConnectionImpl@7a600c1
2023-12-23 23:51:01.195 [HikariPool-1 connection adder] DEBUG com.zaxxer.hikari.pool.HikariPool [] - HikariPool-1 - Added connection com.mysql.cj.jdbc.ConnectionImpl@6285bca5
2023-12-23 23:51:01.203 [HikariPool-1 connection adder] DEBUG com.zaxxer.hikari.pool.HikariPool [] - HikariPool-1 - Added connection com.mysql.cj.jdbc.ConnectionImpl@52758bb5
2023-12-23 23:51:01.210 [HikariPool-1 connection adder] DEBUG com.zaxxer.hikari.pool.HikariPool [] - HikariPool-1 - Added connection com.mysql.cj.jdbc.ConnectionImpl@7a5ce6c4
2023-12-23 23:51:01.218 [HikariPool-1 connection adder] DEBUG com.zaxxer.hikari.pool.HikariPool [] - HikariPool-1 - Added connection com.mysql.cj.jdbc.ConnectionImpl@70625020
2023-12-23 23:51:01.218 [HikariPool-1 connection adder] DEBUG com.zaxxer.hikari.pool.HikariPool [] - HikariPool-1 - After adding stats (total=10, active=0, idle=10, waiting=0)
2023-12-23 23:51:10.533 [main] INFO  com.SpringBootThymeleafApplication [] - Started SpringBootThymeleafApplication in 21.035 seconds (JVM running for 22.101)
2023-12-23 23:51:10.564 [main] INFO  com.SpringBootThymeleafApplication [] - Server Run Success
2023-12-23 23:51:31.136 [HikariPool-1 housekeeper] DEBUG com.zaxxer.hikari.pool.HikariPool [] - HikariPool-1 - Pool stats (total=10, active=0, idle=10, waiting=0)
2023-12-23 23:52:01.378 [HikariPool-1 housekeeper] DEBUG com.zaxxer.hikari.pool.HikariPool [] - HikariPool-1 - Pool stats (total=10, active=0, idle=10, waiting=0)
2023-12-23 23:52:31.383 [HikariPool-1 housekeeper] DEBUG com.zaxxer.hikari.pool.HikariPool [] - HikariPool-1 - Pool stats (total=10, active=0, idle=10, waiting=0)
2023-12-23 23:53:01.407 [HikariPool-1 housekeeper] DEBUG com.zaxxer.hikari.pool.HikariPool [] - HikariPool-1 - Pool stats (total=10, active=0, idle=10, waiting=0)
2023-12-23 23:53:31.418 [HikariPool-1 housekeeper] DEBUG com.zaxxer.hikari.pool.HikariPool [] - HikariPool-1 - Pool stats (total=10, active=0, idle=10, waiting=0)
2023-12-23 23:54:01.435 [HikariPool-1 housekeeper] DEBUG com.zaxxer.hikari.pool.HikariPool [] - HikariPool-1 - Pool stats (total=10, active=0, idle=10, waiting=0)
2023-12-23 23:54:31.449 [HikariPool-1 housekeeper] DEBUG com.zaxxer.hikari.pool.HikariPool [] - HikariPool-1 - Pool stats (total=10, active=0, idle=10, waiting=0)
2023-12-23 23:55:01.456 [HikariPool-1 housekeeper] DEBUG com.zaxxer.hikari.pool.HikariPool [] - HikariPool-1 - Pool stats (total=10, active=0, idle=10, waiting=0)
2023-12-23 23:55:31.470 [HikariPool-1 housekeeper] DEBUG com.zaxxer.hikari.pool.HikariPool [] - HikariPool-1 - Pool stats (total=10, active=0, idle=10, waiting=0)
2023-12-23 23:56:01.475 [HikariPool-1 housekeeper] DEBUG com.zaxxer.hikari.pool.HikariPool [] - HikariPool-1 - Pool stats (total=10, active=0, idle=10, waiting=0)
2023-12-23 23:56:31.494 [HikariPool-1 housekeeper] DEBUG com.zaxxer.hikari.pool.HikariPool [] - HikariPool-1 - Pool stats (total=10, active=0, idle=10, waiting=0)
2023-12-23 23:57:01.509 [HikariPool-1 housekeeper] DEBUG com.zaxxer.hikari.pool.HikariPool [] - HikariPool-1 - Pool stats (total=10, active=0, idle=10, waiting=0)
2023-12-23 23:57:31.515 [HikariPool-1 housekeeper] DEBUG com.zaxxer.hikari.pool.HikariPool [] - HikariPool-1 - Pool stats (total=10, active=0, idle=10, waiting=0)
2023-12-23 23:58:01.537 [HikariPool-1 housekeeper] DEBUG com.zaxxer.hikari.pool.HikariPool [] - HikariPool-1 - Pool stats (total=10, active=0, idle=10, waiting=0)
2023-12-23 23:58:31.553 [HikariPool-1 housekeeper] DEBUG com.zaxxer.hikari.pool.HikariPool [] - HikariPool-1 - Pool stats (total=10, active=0, idle=10, waiting=0)
2023-12-23 23:58:58.741 [main] INFO  com.SpringBootThymeleafApplication [] - Starting SpringBootThymeleafApplication on LAPTOP-0LPC6BTU with PID 22596 (started by luthfi alfarisi in C:\Users\luthfi alfarisi\eclipse-workspace\java-survey-management)
2023-12-23 23:58:58.769 [main] DEBUG com.SpringBootThymeleafApplication [] - Running with Spring Boot v2.1.1.RELEASE, Spring v5.1.3.RELEASE
2023-12-23 23:58:58.775 [main] INFO  com.SpringBootThymeleafApplication [] - No active profile set, falling back to default profiles: default
2023-12-23 23:59:07.380 [main] DEBUG com.zaxxer.hikari.HikariConfig [] - Driver class com.mysql.cj.jdbc.Driver found in Thread context class loader TomcatEmbeddedWebappClassLoader
  context: ROOT
  delegate: true
----------> Parent Classloader:
sun.misc.Launcher$AppClassLoader@6d06d69c

2023-12-23 23:59:07.969 [main] DEBUG com.zaxxer.hikari.HikariConfig [] - HikariPool-1 - configuration:
2023-12-23 23:59:07.975 [main] DEBUG com.zaxxer.hikari.HikariConfig [] - allowPoolSuspension.............false
2023-12-23 23:59:07.978 [main] DEBUG com.zaxxer.hikari.HikariConfig [] - autoCommit......................true
2023-12-23 23:59:07.980 [main] DEBUG com.zaxxer.hikari.HikariConfig [] - catalog.........................none
2023-12-23 23:59:07.981 [main] DEBUG com.zaxxer.hikari.HikariConfig [] - connectionInitSql...............none
2023-12-23 23:59:07.982 [main] DEBUG com.zaxxer.hikari.HikariConfig [] - connectionTestQuery.............none
2023-12-23 23:59:07.984 [main] DEBUG com.zaxxer.hikari.HikariConfig [] - connectionTimeout...............30000
2023-12-23 23:59:07.986 [main] DEBUG com.zaxxer.hikari.HikariConfig [] - dataSource......................none
2023-12-23 23:59:07.989 [main] DEBUG com.zaxxer.hikari.HikariConfig [] - dataSourceClassName.............none
2023-12-23 23:59:07.991 [main] DEBUG com.zaxxer.hikari.HikariConfig [] - dataSourceJNDI..................none
2023-12-23 23:59:07.994 [main] DEBUG com.zaxxer.hikari.HikariConfig [] - dataSourceProperties............{password=<masked>}
2023-12-23 23:59:07.996 [main] DEBUG com.zaxxer.hikari.HikariConfig [] - driverClassName................."com.mysql.cj.jdbc.Driver"
2023-12-23 23:59:07.998 [main] DEBUG com.zaxxer.hikari.HikariConfig [] - healthCheckProperties...........{}
2023-12-23 23:59:08.003 [main] DEBUG com.zaxxer.hikari.HikariConfig [] - healthCheckRegistry.............none
2023-12-23 23:59:08.012 [main] DEBUG com.zaxxer.hikari.HikariConfig [] - idleTimeout.....................600000
2023-12-23 23:59:08.014 [main] DEBUG com.zaxxer.hikari.HikariConfig [] - initializationFailTimeout.......1
2023-12-23 23:59:08.016 [main] DEBUG com.zaxxer.hikari.HikariConfig [] - isolateInternalQueries..........false
2023-12-23 23:59:08.020 [main] DEBUG com.zaxxer.hikari.HikariConfig [] - jdbcUrl.........................jdbc:mysql://localhost:3306/management_survey
2023-12-23 23:59:08.024 [main] DEBUG com.zaxxer.hikari.HikariConfig [] - leakDetectionThreshold..........0
2023-12-23 23:59:08.029 [main] DEBUG com.zaxxer.hikari.HikariConfig [] - maxLifetime.....................1800000
2023-12-23 23:59:08.033 [main] DEBUG com.zaxxer.hikari.HikariConfig [] - maximumPoolSize.................10
2023-12-23 23:59:08.039 [main] DEBUG com.zaxxer.hikari.HikariConfig [] - metricRegistry..................none
2023-12-23 23:59:08.052 [main] DEBUG com.zaxxer.hikari.HikariConfig [] - metricsTrackerFactory...........none
2023-12-23 23:59:08.070 [main] DEBUG com.zaxxer.hikari.HikariConfig [] - minimumIdle.....................10
2023-12-23 23:59:08.072 [main] DEBUG com.zaxxer.hikari.HikariConfig [] - password........................<masked>
2023-12-23 23:59:08.073 [main] DEBUG com.zaxxer.hikari.HikariConfig [] - poolName........................"HikariPool-1"
2023-12-23 23:59:08.074 [main] DEBUG com.zaxxer.hikari.HikariConfig [] - readOnly........................false
2023-12-23 23:59:08.076 [main] DEBUG com.zaxxer.hikari.HikariConfig [] - registerMbeans..................false
2023-12-23 23:59:08.078 [main] DEBUG com.zaxxer.hikari.HikariConfig [] - scheduledExecutor...............none
2023-12-23 23:59:08.085 [main] DEBUG com.zaxxer.hikari.HikariConfig [] - schema..........................none
2023-12-23 23:59:08.087 [main] DEBUG com.zaxxer.hikari.HikariConfig [] - threadFactory...................internal
2023-12-23 23:59:08.089 [main] DEBUG com.zaxxer.hikari.HikariConfig [] - transactionIsolation............default
2023-12-23 23:59:08.094 [main] DEBUG com.zaxxer.hikari.HikariConfig [] - username........................"root"
2023-12-23 23:59:08.095 [main] DEBUG com.zaxxer.hikari.HikariConfig [] - validationTimeout...............5000
2023-12-23 23:59:08.096 [main] INFO  com.zaxxer.hikari.HikariDataSource [] - HikariPool-1 - Starting...
2023-12-23 23:59:08.537 [main] DEBUG com.zaxxer.hikari.pool.HikariPool [] - HikariPool-1 - Added connection com.mysql.cj.jdbc.ConnectionImpl@b267745
2023-12-23 23:59:08.541 [main] INFO  com.zaxxer.hikari.HikariDataSource [] - HikariPool-1 - Start completed.
2023-12-23 23:59:08.643 [HikariPool-1 housekeeper] DEBUG com.zaxxer.hikari.pool.HikariPool [] - HikariPool-1 - Pool stats (total=1, active=0, idle=1, waiting=0)
2023-12-23 23:59:08.653 [HikariPool-1 connection adder] DEBUG com.zaxxer.hikari.pool.HikariPool [] - HikariPool-1 - Added connection com.mysql.cj.jdbc.ConnectionImpl@9c581d0
2023-12-23 23:59:08.662 [HikariPool-1 connection adder] DEBUG com.zaxxer.hikari.pool.HikariPool [] - HikariPool-1 - Added connection com.mysql.cj.jdbc.ConnectionImpl@48f88beb
2023-12-23 23:59:08.671 [HikariPool-1 connection adder] DEBUG com.zaxxer.hikari.pool.HikariPool [] - HikariPool-1 - Added connection com.mysql.cj.jdbc.ConnectionImpl@797ac498
2023-12-23 23:59:08.683 [HikariPool-1 connection adder] DEBUG com.zaxxer.hikari.pool.HikariPool [] - HikariPool-1 - Added connection com.mysql.cj.jdbc.ConnectionImpl@28d774a4
2023-12-23 23:59:08.693 [HikariPool-1 connection adder] DEBUG com.zaxxer.hikari.pool.HikariPool [] - HikariPool-1 - Added connection com.mysql.cj.jdbc.ConnectionImpl@7be0d626
2023-12-23 23:59:08.700 [HikariPool-1 connection adder] DEBUG com.zaxxer.hikari.pool.HikariPool [] - HikariPool-1 - Added connection com.mysql.cj.jdbc.ConnectionImpl@2c9928ca
2023-12-23 23:59:08.709 [HikariPool-1 connection adder] DEBUG com.zaxxer.hikari.pool.HikariPool [] - HikariPool-1 - Added connection com.mysql.cj.jdbc.ConnectionImpl@9cde26b
2023-12-23 23:59:08.716 [HikariPool-1 connection adder] DEBUG com.zaxxer.hikari.pool.HikariPool [] - HikariPool-1 - Added connection com.mysql.cj.jdbc.ConnectionImpl@13becd54
2023-12-23 23:59:08.726 [HikariPool-1 connection adder] DEBUG com.zaxxer.hikari.pool.HikariPool [] - HikariPool-1 - Added connection com.mysql.cj.jdbc.ConnectionImpl@b407d19
2023-12-23 23:59:08.727 [HikariPool-1 connection adder] DEBUG com.zaxxer.hikari.pool.HikariPool [] - HikariPool-1 - After adding stats (total=10, active=0, idle=10, waiting=0)
2023-12-23 23:59:18.317 [main] INFO  com.SpringBootThymeleafApplication [] - Started SpringBootThymeleafApplication in 20.512 seconds (JVM running for 21.758)
2023-12-23 23:59:18.349 [main] INFO  com.SpringBootThymeleafApplication [] - Server Run Success
2023-12-23 23:59:38.651 [HikariPool-1 housekeeper] DEBUG com.zaxxer.hikari.pool.HikariPool [] - HikariPool-1 - Pool stats (total=10, active=0, idle=10, waiting=0)
